2022-05-22T08:20:40+00:00 ERROR Incorrect response from Mailchimp API with: stdClass Object
(
    [code] => mailchimp-error
    [message] => A MailChimp error has occurred.
    [data] => stdClass Object
        (
            [type] => https://mailchimp.com/developer/marketing/docs/errors/
            [title] => Invalid Resource
            [status] => 400
            [detail] => Your merge fields were invalid.
            [instance] => 3e28b696-ba3e-0b7e-9d68-cc5f2f19ab71
            [errors] => Array
                (
                    [0] => stdClass Object
                        (
                            [field] => ADDRESS
                            [message] => Please enter a complete address
                        )

                )

        )

)

